[20:10:21] [ServerMain/INFO]: Environment: authHost='https://authserver.mojang.com', accountsHost='https://api.mojang.com', sessionHost='https://sessionserver.mojang.com', servicesHost='https://api.minecraftservices.com', name='PROD'
[20:10:22] [ServerMain/INFO]: Loaded 7 recipes
[20:10:22] [ServerMain/INFO]: Loaded 1179 advancements
[20:10:22] [Server thread/INFO]: Starting minecraft server version 1.19.4
[20:10:22] [Server thread/INFO]: Loading properties
[20:10:22] [Server thread/INFO]: Default game type: SURVIVAL
[20:10:22] [Server thread/INFO]: Generating keypair
[20:10:22] [Server thread/INFO]: Starting Minecraft server on *:25565
[20:10:22] [Server thread/INFO]: Using epoll channel type
[20:10:22] [Server thread/WARN]: **** SERVER IS RUNNING IN OFFLINE/INSECURE MODE!
[20:10:22] [Server thread/WARN]: The server will make no attempt to authenticate usernames. Beware.
[20:10:22] [Server thread/WARN]: While this makes the game possible to play without internet access, it also opens up the ability for hackers to connect with any username they choose.
[20:10:22] [Server thread/WARN]: To change this, set "online-mode" to "true" in the server.properties file.
[20:10:22] [Server thread/INFO]: Preparing level "world"
[20:10:23] [Server thread/INFO]: Preparing start region for dimension minecraft:overworld
[20:10:24] [Worker-Main-2/INFO]: Preparing spawn area: 0%
[20:10:24] [Worker-Main-2/INFO]: Preparing spawn area: 0%
[20:10:24] [Worker-Main-2/INFO]: Preparing spawn area: 0%
[20:10:24] [Worker-Main-2/INFO]: Preparing spawn area: 0%
[20:10:25] [Worker-Main-10/INFO]: Preparing spawn area: 84%
[20:10:25] [Server thread/INFO]: Time elapsed: 2131 ms
[20:10:25] [Server thread/INFO]: Done (2.735s)! For help, type "help"
[20:13:06] [Server thread/INFO]: k1szheng[/10.161.211.46:50357] logged in with entity id 69 at (-27.5, 98.0, 50.5)
[20:13:06] [Server thread/INFO]: k1szheng joined the game
[20:13:15] [Server thread/INFO]: k1szheng lost connection: Disconnected
[20:13:15] [Server thread/INFO]: k1szheng left the game
[20:13:42] [Server thread/INFO]: k1szheng[/10.161.211.46:50402] logged in with entity id 227 at (-27.5, 98.0, 50.5)
[20:13:42] [Server thread/INFO]: k1szheng joined the game
[20:13:58] [Server thread/INFO]: k1szheng lost connection: Disconnected
[20:13:58] [Server thread/INFO]: k1szheng left the game
